0 info it worked if it ends with ok
1 verbose cli [ '/usr/bin/nodejs', '/usr/bin/npm', 'run', 'server' ]
2 info using npm@3.10.10
3 info using node@v6.10.2
4 verbose run-script [ 'preserver', 'server', 'postserver' ]
5 info lifecycle ticktoc@1.0.0~preserver: ticktoc@1.0.0
6 silly lifecycle ticktoc@1.0.0~preserver: no script for preserver, continuing
7 info lifecycle ticktoc@1.0.0~server: ticktoc@1.0.0
8 verbose lifecycle ticktoc@1.0.0~server: unsafe-perm in lifecycle true
9 verbose lifecycle ticktoc@1.0.0~server: PATH: /usr/lib/node_modules/npm/bin/node-gyp-bin:/mnt/m/MPrograms/TickToc/node_modules/.bin:/usr/local/sbin:/usr/local/bin:/usr/sbin:/usr/bin:/sbin:/bin:/usr/games:/usr/local/games:/mnt/c/Program Files (x86)/Razer Chroma SDK/bin:/mnt/m/Program Files/Razer Chroma SDK/bin:/mnt/c/Program Files (x86)/NVIDIA Corporation/PhysX/Common:/mnt/c/Program Files (x86)/Razer Chroma SDK/bin:/mnt/c/Program Files/Razer Chroma SDK/bin:/mnt/c/ProgramData/Oracle/Java/javapath_target_943953:/mnt/c/Windows/System32:/mnt/c/Windows:/mnt/c/Windows/System32/wbem:/mnt/c/Windows/System32/WindowsPowerShell/v1.0:/mnt/c/Program Files/Microsoft/Web Platform Installer:/mnt/c/Program Files/Microsoft DNX/Dnvm:/mnt/c/Program Files/Microsoft SQL Server/130/Tools/Binn:/mnt/c/ProgramData/chocolatey/bin:/mnt/m/Programs/Git/cmd:/mnt/c/Program Files/nodejs:/mnt/c/Users/choma/AppData/Local/Microsoft/WindowsApps:/mnt/c/texlive/2016/bin/win32:/mnt/c/Users/choma/AppData/Roaming/npm:/mnt/c/Users/choma/AppData/Local/atom/bin:/mnt/c/Windows/System32:/mnt/c/Windows:/mnt/c/Windows/System32/wbem:/mnt/c/Windows/System32/WindowsPowerShell/v1.0:/mnt/c/Program Files/Java/jdk1.8.0_101/bin:/mnt/m/Programs/Microsoft VS Code/bin
10 verbose lifecycle ticktoc@1.0.0~server: CWD: /mnt/m/MPrograms/TickToc
11 silly lifecycle ticktoc@1.0.0~server: Args: [ '-c',
11 silly lifecycle   'nodemon server.js --exec babel-node --presets es2016,node7' ]
12 silly lifecycle ticktoc@1.0.0~server: Returned: code: 1  signal: null
13 info lifecycle ticktoc@1.0.0~server: Failed to exec server script
14 verbose stack Error: ticktoc@1.0.0 server: `nodemon server.js --exec babel-node --presets es2016,node7`
14 verbose stack Exit status 1
14 verbose stack     at EventEmitter.<anonymous> (/usr/lib/node_modules/npm/lib/utils/lifecycle.js:255:16)
14 verbose stack     at emitTwo (events.js:106:13)
14 verbose stack     at EventEmitter.emit (events.js:191:7)
14 verbose stack     at ChildProcess.<anonymous> (/usr/lib/node_modules/npm/lib/utils/spawn.js:40:14)
14 verbose stack     at emitTwo (events.js:106:13)
14 verbose stack     at ChildProcess.emit (events.js:191:7)
14 verbose stack     at maybeClose (internal/child_process.js:886:16)
14 verbose stack     at Process.ChildProcess._handle.onexit (internal/child_process.js:226:5)
15 verbose pkgid ticktoc@1.0.0
16 verbose cwd /mnt/m/MPrograms/TickToc
17 error Linux 4.4.0-43-Microsoft
18 error argv "/usr/bin/nodejs" "/usr/bin/npm" "run" "server"
19 error node v6.10.2
20 error npm  v3.10.10
21 error code ELIFECYCLE
22 error ticktoc@1.0.0 server: `nodemon server.js --exec babel-node --presets es2016,node7`
22 error Exit status 1
23 error Failed at the ticktoc@1.0.0 server script 'nodemon server.js --exec babel-node --presets es2016,node7'.
23 error Make sure you have the latest version of node.js and npm installed.
23 error If you do, this is most likely a problem with the ticktoc package,
23 error not with npm itself.
23 error Tell the author that this fails on your system:
23 error     nodemon server.js --exec babel-node --presets es2016,node7
23 error You can get information on how to open an issue for this project with:
23 error     npm bugs ticktoc
23 error Or if that isn't available, you can get their info via:
23 error     npm owner ls ticktoc
23 error There is likely additional logging output above.
24 verbose exit [ 1, true ]
